#
# There is insufficient memory for the Java Runtime Environment to continue.
# Native memory allocation (malloc) failed to allocate 153376 bytes for Chunk::new
# Possible reasons:
#   The system is out of physical RAM or swap space
#   The process is running with CompressedOops enabled, and the Java Heap may be blocking the growth of the native heap
# Possible solutions:
#   Reduce memory load on the system
#   Increase physical memory or swap space
#   Check if swap backing store is full
#   Decrease Java heap size (-Xmx/-Xms)
#   Decrease number of Java threads
#   Decrease Java thread stack sizes (-Xss)
#   Set larger code cache with -XX:ReservedCodeCacheSize=
#   JVM is running with Unscaled Compressed Oops mode in which the Java heap is
#     placed in the first 4GB address space. The Java Heap base address is the
#     maximum limit for the native heap growth. Please use -XX:HeapBaseMinAddress
#     to set the Java Heap base and to place the Java Heap above 4GB virtual address.
# This output file may be truncated or incomplete.
#
#  Out of Memory Error (./open/src/hotspot/share/memory/arena.cpp:195), pid=22848, tid=23396
#
# JRE version: Java(TM) SE Runtime Environment (14.0.1+7) (build 14.0.1+7)
# Java VM: Java HotSpot(TM) 64-Bit Server VM (14.0.1+7, mixed mode, sharing, tiered, compressed oops, g1 gc, windows-amd64)
# No core dump will be written. Minidumps are not enabled by default on client versions of Windows
#

---------------  S U M M A R Y ------------

Command Line: -XX:+ShowCodeDetailsInExceptionMessages -agentlib:jdwp=transport=dt_socket,suspend=y,address=localhost:1103 -javaagent:C:\Users\Dell\eclipse\java-2021-12\eclipse\configuration\org.eclipse.osgi\224\0\.cp\lib\javaagent-shaded.jar -Dfile.encoding=Cp1252 javaprograms.Array2Add

Host: Intel(R) Pentium(R) CPU 5405U @ 2.30GHz, 4 cores, 7G,  Windows 10 , 64 bit Build 19041 (10.0.19041.1466)
Time: Sat Mar  5 19:16:52 2022 India Standard Time elapsed time: 1 seconds (0d 0h 0m 1s)

---------------  T H R E A D  ---------------

Current thread (0x000002a9fe7af000):  JavaThread "C2 CompilerThread0" daemon [_thread_in_native, id=23396, stack(0x000000ba5ba00000,0x000000ba5bb00000)]


Current CompileTask:
C2:   1879  360 %     4       sun.security.provider.SHA2::implCompress0 @ 3 (322 bytes)

Stack: [0x000000ba5ba00000,0x000000ba5bb00000]
Native frames: (J=compiled Java code, j=interpreted, Vv=VM code, C=native code)
V  [jvm.dll+0x5f840a]
V  [jvm.dll+0x741e4a]
V  [jvm.dll+0x7435ff]
V  [jvm.dll+0x743c43]
V  [jvm.dll+0x20d288]
V  [jvm.dll+0xabb07]
V  [jvm.dll+0xac1fc]
V  [jvm.dll+0x276db4]
V  [jvm.dll+0x50ca4a]
V  [jvm.dll+0x1ee1da]
V  [jvm.dll+0x1e7cfb]
V  [jvm.dll+0x1e4f98]
V  [jvm.dll+0x1779cc]
V  [jvm.dll+0x1f4105]
V  [jvm.dll+0x1f22eb]
V  [jvm.dll+0x706a9d]
V  [jvm.dll+0x6ff8ba]
V  [jvm.dll+0x5f72c6]
C  [ucrtbase.dll+0x21bb2]
C  [KERNEL32.DLL+0x17034]
C  [ntdll.dll+0x52651]


---------------  P R O C E S S  ---------------

Threads class SMR info:
_java_thread_list=0x000002a9ff2b0600, length=14, elements={
0x000002a9e3f91000, 0x000002a9fe78a800, 0x000002a9fe78c800, 0x000002a9fe7ab000,
0x000002a9fe7ad000, 0x000002a9fe7ae000, 0x000002a9fe7af000, 0x000002a9ff124000,
0x000002a9ff127000, 0x000002a9fe771800, 0x000002a9ff25e800, 0x000002a9ff22f000,
0x000002a9ff230000, 0x000002a9ff390000
}

Java Threads: ( => current thread )
  0x000002a9e3f91000 JavaThread "main" [_thread_in_vm, id=23104, stack(0x000000ba5ae00000,0x000000ba5af00000)]
  0x000002a9fe78a800 JavaThread "Reference Handler" daemon [_thread_blocked, id=23320, stack(0x000000ba5b500000,0x000000ba5b600000)]
  0x000002a9fe78c800 JavaThread "Finalizer" daemon [_thread_blocked, id=23324, stack(0x000000ba5b600000,0x000000ba5b700000)]
  0x000002a9fe7ab000 JavaThread "Signal Dispatcher" daemon [_thread_blocked, id=23384, stack(0x000000ba5b700000,0x000000ba5b800000)]
  0x000002a9fe7ad000 JavaThread "Attach Listener" daemon [_thread_blocked, id=23388, stack(0x000000ba5b800000,0x000000ba5b900000)]
  0x000002a9fe7ae000 JavaThread "Service Thread" daemon [_thread_blocked, id=23392, stack(0x000000ba5b900000,0x000000ba5ba00000)]
=>0x000002a9fe7af000 JavaThread "C2 CompilerThread0" daemon [_thread_in_native, id=23396, stack(0x000000ba5ba00000,0x000000ba5bb00000)]
  0x000002a9ff124000 JavaThread "C1 CompilerThread0" daemon [_thread_blocked, id=23468, stack(0x000000ba5bb00000,0x000000ba5bc00000)]
  0x000002a9ff127000 JavaThread "Sweeper thread" daemon [_thread_blocked, id=23500, stack(0x000000ba5bc00000,0x000000ba5bd00000)]
  0x000002a9fe771800 JavaThread "Common-Cleaner" daemon [_thread_blocked, id=21836, stack(0x000000ba5bd00000,0x000000ba5be00000)]
  0x000002a9ff25e800 JavaThread "JDWP Transport Listener: dt_socket" daemon [_thread_blocked, id=23944, stack(0x000000ba5be00000,0x000000ba5bf00000)]
  0x000002a9ff22f000 JavaThread "JDWP Event Helper Thread" daemon [_thread_blocked, id=23956, stack(0x000000ba5bf00000,0x000000ba5c000000)]
  0x000002a9ff230000 JavaThread "JDWP Command Reader" daemon [_thread_in_native, id=24088, stack(0x000000ba5c000000,0x000000ba5c100000)]
  0x000002a9ff390000 JavaThread "Notification Thread" daemon [_thread_new, id=24316, stack(0x0000000000000000,0x0000000000000000)]

Other Threads:
  0x000002a9fe789800 VMThread "VM Thread" [stack: 0x000000ba5b400000,0x000000ba5b500000] [id=23292]
  0x000002a9e3fce800 GCTaskThread "GC Thread#0" [stack: 0x000000ba5af00000,0x000000ba5b000000] [id=23172]
  0x000002a9e3fe2000 ConcurrentGCThread "G1 Main Marker" [stack: 0x000000ba5b000000,0x000000ba5b100000] [id=23176]
  0x000002a9e3fe3000 ConcurrentGCThread "G1 Conc#0" [stack: 0x000000ba5b100000,0x000000ba5b200000] [id=23180]
  0x000002a9e406b800 ConcurrentGCThread "G1 Refine#0" [stack: 0x000000ba5b200000,0x000000ba5b300000] [id=23188]
  0x000002a9e406d800 ConcurrentGCThread "G1 Young RemSet Sampling" [stack: 0x000000ba5b300000,0x000000ba5b400000] [id=23192]

Threads with active compile tasks:
C2 CompilerThread0     1909  360 %     4       sun.security.provider.SHA2::implCompress0 @ 3 (322 bytes)

VM state:not at safepoint (normal execution)

VM Mutex/Monitor currently owned by a thread:  ([mutex/lock_event])
[0x000002a9e3f8a960] PeriodicTask_lock - owner thread: 0x000002a9e3f91000

Heap address: 0x0000000081e00000, size: 2018 MB, Compressed Oops mode: 32-bit
Narrow klass base: 0x0000000800000000, Narrow klass shift: 3
Compressed class space size: 1073741824 Address: 0x0000000800b30000

Heap:
 garbage-first heap   total 131072K, used 3072K [0x0000000081e00000, 0x0000000100000000)
  region size 1024K, 4 young (4096K), 0 survivors (0K)
 Metaspace       used 2313K, capacity 4613K, committed 4864K, reserved 1056768K
  class space    used 223K, capacity 408K, committed 512K, reserved 1048576K
Heap Regions: E=young(eden), S=young(survivor), O=old, HS=humongous(starts), HC=humongous(continues), CS=collection set, F=free, OA=open archive, CA=closed archive, TAMS=top-at-mark-start (previous, next)
|   0|0x0000000081e00000, 0x0000000081e00000, 0x0000000081f00000|  0%| F|  |TAMS 0x0000000081e00000, 0x0000000081e00000| Untracked 
|   1|0x0000000081f00000, 0x0000000081f00000, 0x0000000082000000|  0%| F|  |TAMS 0x0000000081f00000, 0x0000000081f00000| Untracked 
|   2|0x0000000082000000, 0x0000000082000000, 0x0000000082100000|  0%| F|  |TAMS 0x0000000082000000, 0x0000000082000000| Untracked 
|   3|0x0000000082100000, 0x0000000082100000, 0x0000000082200000|  0%| F|  |TAMS 0x0000000082100000, 0x0000000082100000| Untracked 
|   4|0x0000000082200000, 0x0000000082200000, 0x0000000082300000|  0%| F|  |TAMS 0x0000000082200000, 0x0000000082200000| Untracked 
|   5|0x0000000082300000, 0x0000000082300000, 0x0000000082400000|  0%| F|  |TAMS 0x0000000082300000, 0x0000000082300000| Untracked 
|   6|0x0000000082400000, 0x0000000082400000, 0x0000000082500000|  0%| F|  |TAMS 0x0000000082400000, 0x0000000082400000| Untracked 
|   7|0x0000000082500000, 0x0000000082500000, 0x0000000082600000|  0%| F|  |TAMS 0x0000000082500000, 0x0000000082500000| Untracked 
|   8|0x0000000082600000, 0x0000000082600000, 0x0000000082700000|  0%| F|  |TAMS 0x0000000082600000, 0x0000000082600000| Untracked 
|   9|0x0000000082700000, 0x0000000082700000, 0x0000000082800000|  0%| F|  |TAMS 0x0000000082700000, 0x0000000082700000| Untracked 
|  10|0x0000000082800000, 0x0000000082800000, 0x0000000082900000|  0%| F|  |TAMS 0x0000000082800000, 0x0000000082800000| Untracked 
|  11|0x0000000082900000, 0x0000000082900000, 0x0000000082a00000|  0%| F|  |TAMS 0x0000000082900000, 0x0000000082900000| Untracked 
|  12|0x0000000082a00000, 0x0000000082a00000, 0x0000000082b00000|  0%| F|  |TAMS 0x0000000082a00000, 0x0000000082a00000| Untracked 
|  13|0x0000000082b00000, 0x0000000082b00000, 0x0000000082c00000|  0%| F|  |TAMS 0x0000000082b00000, 0x0000000082b00000| Untracked 
|  14|0x0000000082c00000, 0x0000000082c00000, 0x0000000082d00000|  0%| F|  |TAMS 0x0000000082c00000, 0x0000000082c00000| Untracked 
|  15|0x0000000082d00000, 0x0000000082d00000, 0x0000000082e00000|  0%| F|  |TAMS 0x0000000082d00000, 0x0000000082d00000| Untracked 
|  16|0x0000000082e00000, 0x0000000082e00000, 0x0000000082f00000|  0%| F|  |TAMS 0x0000000082e00000, 0x0000000082e00000| Untracked 
|  17|0x0000000082f00000, 0x0000000082f00000, 0x0000000083000000|  0%| F|  |TAMS 0x0000000082f00000, 0x0000000082f00000| Untracked 
|  18|0x0000000083000000, 0x0000000083000000, 0x0000000083100000|  0%| F|  |TAMS 0x0000000083000000, 0x0000000083000000| Untracked 
|  19|0x0000000083100000, 0x0000000083100000, 0x0000000083200000|  0%| F|  |TAMS 0x0000000083100000, 0x0000000083100000| Untracked 
|  20|0x0000000083200000, 0x0000000083200000, 0x0000000083300000|  0%| F|  |TAMS 0x0000000083200000, 0x0000000083200000| Untracked 
|  21|0x0000000083300000, 0x0000000083300000, 0x0000000083400000|  0%| F|  |TAMS 0x0000000083300000, 0x0000000083300000| Untracked 
|  22|0x0000000083400000, 0x0000000083400000, 0x0000000083500000|  0%| F|  |TAMS 0x0000000083400000, 0x0000000083400000| Untracked 
|  23|0x0000000083500000, 0x0000000083500000, 0x0000000083600000|  0%| F|  |TAMS 0x0000000083500000, 0x0000000083500000| Untracked 
|  24|0x0000000083600000, 0x0000000083600000, 0x0000000083700000|  0%| F|  |TAMS 0x0000000083600000, 0x0000000083600000| Untracked 
|  25|0x0000000083700000, 0x0000000083700000, 0x0000000083800000|  0%| F|  |TAMS 0x0000000083700000, 0x0000000083700000| Untracked 
|  26|0x0000000083800000, 0x0000000083800000, 0x0000000083900000|  0%| F|  |TAMS 0x0000000083800000, 0x0000000083800000| Untracked 
|  27|0x0000000083900000, 0x0000000083900000, 0x0000000083a00000|  0%| F|  |TAMS 0x0000000083900000, 0x0000000083900000| Untracked 
|  28|0x0000000083a00000, 0x0000000083a00000, 0x0000000083b00000|  0%| F|  |TAMS 0x0000000083a00000, 0x0000000083a00000| Untracked 
|  29|0x0000000083b00000, 0x0000000083b00000, 0x0000000083c00000|  0%| F|  |TAMS 0x0000000083b00000, 0x0000000083b00000| Untracked 
|  30|0x0000000083c00000, 0x0000000083c00000, 0x0000000083d00000|  0%| F|  |TAMS 0x0000000083c00000, 0x0000000083c00000| Untracked 
|  31|0x0000000083d00000, 0x0000000083d00000, 0x0000000083e00000|  0%| F|  |TAMS 0x0000000083d00000, 0x0000000083d00000| Untracked 
|  32|0x0000000083e00000, 0x0000000083e00000, 0x0000000083f00000|  0%| F|  |TAMS 0x0000000083e00000, 0x0000000083e00000| Untracked 
|  33|0x0000000083f00000, 0x0000000083f00000, 0x0000000084000000|  0%| F|  |TAMS 0x0000000083f00000, 0x0000000083f00000| Untracked 
|  34|0x0000000084000000, 0x0000000084000000, 0x0000000084100000|  0%| F|  |TAMS 0x0000000084000000, 0x0000000084000000| Untracked 
|  35|0x0000000084100000, 0x0000000084100000, 0x0000000084200000|  0%| F|  |TAMS 0x0000000084100000, 0x0000000084100000| Untracked 
|  36|0x0000000084200000, 0x0000000084200000, 0x0000000084300000|  0%| F|  |TAMS 0x0000000084200000, 0x0000000084200000| Untracked 
|  37|0x0000000084300000, 0x0000000084300000, 0x0000000084400000|  0%| F|  |TAMS 0x0000000084300000, 0x0000000084300000| Untracked 
|  38|0x0000000084400000, 0x0000000084400000, 0x0000000084500000|  0%| F|  |TAMS 0x0000000084400000, 0x0000000084400000| Untracked 
|  39|0x0000000084500000, 0x0000000084500000, 0x0000000084600000|  0%| F|  |TAMS 0x0000000084500000, 0x0000000084500000| Untracked 
|  40|0x0000000084600000, 0x0000000084600000, 0x0000000084700000|  0%| F|  |TAMS 0x0000000084600000, 0x0000000084600000| Untracked 
|  41|0x0000000084700000, 0x0000000084700000, 0x0000000084800000|  0%| F|  |TAMS 0x0000000084700000, 0x0000000084700000| Untracked 
|  42|0x0000000084800000, 0x0000000084800000, 0x0000000084900000|  0%| F|  |TAMS 0x0000000084800000, 0x0000000084800000| Untracked 
|  43|0x0000000084900000, 0x0000000084900000, 0x0000000084a00000|  0%| F|  |TAMS 0x0000000084900000, 0x0000000084900000| Untracked 
|  44|0x0000000084a00000, 0x0000000084a00000, 0x0000000084b00000|  0%| F|  |TAMS 0x0000000084a00000, 0x0000000084a00000| Untracked 
|  45|0x0000000084b00000, 0x0000000084b00000, 0x0000000084c00000|  0%| F|  |TAMS 0x0000000084b00000, 0x0000000084b00000| Untracked 
|  46|0x0000000084c00000, 0x0000000084c00000, 0x0000000084d00000|  0%| F|  |TAMS 0x0000000084c00000, 0x0000000084c00000| Untracked 
|  47|0x0000000084d00000, 0x0000000084d00000, 0x0000000084e00000|  0%| F|  |TAMS 0x0000000084d00000, 0x0000000084d00000| Untracked 
|  48|0x0000000084e00000, 0x0000000084e00000, 0x0000000084f00000|  0%| F|  |TAMS 0x0000000084e00000, 0x0000000084e00000| Untracked 
|  49|0x0000000084f00000, 0x0000000084f00000, 0x0000000085000000|  0%| F|  |TAMS 0x0000000084f00000, 0x0000000084f00000| Untracked 
|  50|0x0000000085000000, 0x0000000085000000, 0x0000000085100000|  0%| F|  |TAMS 0x0000000085000000, 0x0000000085000000| Untracked 
|  51|0x0000000085100000, 0x0000000085100000, 0x0000000085200000|  0%| F|  |TAMS 0x0000000085100000, 0x0000000085100000| Untracked 
|  52|0x0000000085200000, 0x0000000085200000, 0x0000000085300000|  0%| F|  |TAMS 0x0000000085200000, 0x0000000085200000| Untracked 
|  53|0x0000000085300000, 0x0000000085300000, 0x0000000085400000|  0%| F|  |TAMS 0x0000000085300000, 0x0000000085300000| Untracked 
|  54|0x0000000085400000, 0x0000000085400000, 0x0000000085500000|  0%| F|  |TAMS 0x0000000085400000, 0x0000000085400000| Untracked 
|  55|0x0000000085500000, 0x0000000085500000, 0x0000000085600000|  0%| F|  |TAMS 0x0000000085500000, 0x0000000085500000| Untracked 
|  56|0x0000000085600000, 0x0000000085600000, 0x0000000085700000|  0%| F|  |TAMS 0x0000000085600000, 0x0000000085600000| Untracked 
|  57|0x0000000085700000, 0x0000000085700000, 0x0000000085800000|  0%| F|  |TAMS 0x0000000085700000, 0x0000000085700000| Untracked 
|  58|0x0000000085800000, 0x0000000085800000, 0x0000000085900000|  0%| F|  |TAMS 0x0000000085800000, 0x0000000085800000| Untracked 
|  59|0x0000000085900000, 0x0000000085900000, 0x0000000085a00000|  0%| F|  |TAMS 0x0000000085900000, 0x0000000085900000| Untracked 
|  60|0x0000000085a00000, 0x0000000085a00000, 0x0000000085b00000|  0%| F|  |TAMS 0x0000000085a00000, 0x0000000085a00000| Untracked 
|  61|0x0000000085b00000, 0x0000000085b00000, 0x0000000085c00000|  0%| F|  |TAMS 0x0000000085b00000, 0x0000000085b00000| Untracked 
|  62|0x0000000085c00000, 0x0000000085c00000, 0x0000000085d00000|  0%| F|  |TAMS 0x0000000085c00000, 0x0000000085c00000| Untracked 
|  63|0x0000000085d00000, 0x0000000085d00000, 0x0000000085e00000|  0%| F|  |TAMS 0x0000000085d00000, 0x0000000085d00000| Untracked 
|  64|0x0000000085e00000, 0x0000000085e00000, 0x0000000085f00000|  0%| F|  |TAMS 0x0000000085e00000, 0x0000000085e00000| Untracked 
|  65|0x0000000085f00000, 0x0000000085f00000, 0x0000000086000000|  0%| F|  |TAMS 0x0000000085f00000, 0x0000000085f00000| Untracked 
|  66|0x0000000086000000, 0x0000000086000000, 0x0000000086100000|  0%| F|  |TAMS 0x0000000086000000, 0x0000000086000000| Untracked 
|  67|0x0000000086100000, 0x0000000086100000, 0x0000000086200000|  0%| F|  |TAMS 0x0000000086100000, 0x0000000086100000| Untracked 
|  68|0x0000000086200000, 0x0000000086200000, 0x0000000086300000|  0%| F|  |TAMS 0x0000000086200000, 0x0000000086200000| Untracked 
|  69|0x0000000086300000, 0x0000000086300000, 0x0000000086400000|  0%| F|  |TAMS 0x0000000086300000, 0x0000000086300000| Untracked 
|  70|0x0000000086400000, 0x0000000086400000, 0x0000000086500000|  0%| F|  |TAMS 0x0000000086400000, 0x0000000086400000| Untracked 
|  71|0x0000000086500000, 0x0000000086500000, 0x0000000086600000|  0%| F|  |TAMS 0x0000000086500000, 0x0000000086500000| Untracked 
|  72|0x0000000086600000, 0x0000000086600000, 0x0000000086700000|  0%| F|  |TAMS 0x0000000086600000, 0x0000000086600000| Untracked 
|  73|0x0000000086700000, 0x0000000086700000, 0x0000000086800000|  0%| F|  |TAMS 0x0000000086700000, 0x0000000086700000| Untracked 
|  74|0x0000000086800000, 0x0000000086800000, 0x0000000086900000|  0%| F|  |TAMS 0x0000000086800000, 0x0000000086800000| Untracked 
|  75|0x0000000086900000, 0x0000000086900000, 0x0000000086a00000|  0%| F|  |TAMS 0x0000000086900000, 0x0000000086900000| Untracked 
|  76|0x0000000086a00000, 0x0000000086a00000, 0x0000000086b00000|  0%| F|  |TAMS 0x0000000086a00000, 0x0000000086a00000| Untracked 
|  77|0x0000000086b00000, 0x0000000086b00000, 0x0000000086c00000|  0%| F|  |TAMS 0x0000000086b00000, 0x0000000086b00000| Untracked 
|  78|0x0000000086c00000, 0x0000000086c00000, 0x0000000086d00000|  0%| F|  |TAMS 0x0000000086c00000, 0x0000000086c00000| Untracked 
|  79|0x0000000086d00000, 0x0000000086d00000, 0x0000000086e00000|  0%| F|  |TAMS 0x0000000086d00000, 0x0000000086d00000| Untracked 
|  80|0x0000000086e00000, 0x0000000086e00000, 0x0000000086f00000|  0%| F|  |TAMS 0x0000000086e00000, 0x0000000086e00000| Untracked 
|  81|0x0000000086f00000, 0x0000000086f00000, 0x0000000087000000|  0%| F|  |TAMS 0x0000000086f00000, 0x0000000086f00000| Untracked 
|  82|0x0000000087000000, 0x0000000087000000, 0x0000000087100000|  0%| F|  |TAMS 0x0000000087000000, 0x0000000087000000| Untracked 
|  83|0x0000000087100000, 0x0000000087100000, 0x0000000087200000|  0%| F|  |TAMS 0x0000000087100000, 0x0000000087100000| Untracked 
|  84|0x0000000087200000, 0x0000000087200000, 0x0000000087300000|  0%| F|  |TAMS 0x0000000087200000, 0x0000000087200000| Untracked 
|  85|0x0000000087300000, 0x0000000087300000, 0x0000000087400000|  0%| F|  |TAMS 0x0000000087300000, 0x0000000087300000| Untracked 
|  86|0x0000000087400000, 0x0000000087400000, 0x0000000087500000|  0%| F|  |TAMS 0x0000000087400000, 0x0000000087400000| Untracked 
|  87|0x0000000087500000, 0x0000000087500000, 0x0000000087600000|  0%| F|  |TAMS 0x0000000087500000, 0x0000000087500000| Untracked 
|  88|0x0000000087600000, 0x0000000087600000, 0x0000000087700000|  0%| F|  |TAMS 0x0000000087600000, 0x0000000087600000| Untracked 
|  89|0x0000000087700000, 0x0000000087700000, 0x0000000087800000|  0%| F|  |TAMS 0x0000000087700000, 0x0000000087700000| Untracked 
|  90|0x0000000087800000, 0x0000000087800000, 0x0000000087900000|  0%| F|  |TAMS 0x0000000087800000, 0x0000000087800000| Untracked 
|  91|0x0000000087900000, 0x0000000087900000, 0x0000000087a00000|  0%| F|  |TAMS 0x0000000087900000, 0x0000000087900000| Untracked 
|  92|0x0000000087a00000, 0x0000000087a00000, 0x0000000087b00000|  0%| F|  |TAMS 0x0000000087a00000, 0x0000000087a00000| Untracked 
|  93|0x0000000087b00000, 0x0000000087b00000, 0x0000000087c00000|  0%| F|  |TAMS 0x0000000087b00000, 0x0000000087b00000| Untracked 
|  94|0x0000000087c00000, 0x0000000087c00000, 0x0000000087d00000|  0%| F|  |TAMS 0x0000000087c00000, 0x0000000087c00000| Untracked 
|  95|0x0000000087d00000, 0x0000000087d00000, 0x0000000087e00000|  0%| F|  |TAMS 0x0000000087d00000, 0x0000000087d00000| Untracked 
|  96|0x0000000087e00000, 0x0000000087e00000, 0x0000000087f00000|  0%| F|  |TAMS 0x0000000087e00000, 0x0000000087e00000| Untracked 
|  97|0x0000000087f00000, 0x0000000087f00000, 0x0000000088000000|  0%| F|  |TAMS 0x0000000087f00000, 0x0000000087f00000| Untracked 
|  98|0x0000000088000000, 0x0000000088000000, 0x0000000088100000|  0%| F|  |TAMS 0x0000000088000000, 0x0000000088000000| Untracked 
|  99|0x0000000088100000, 0x0000000088100000, 0x0000000088200000|  0%| F|  |TAMS 0x0000000088100000, 0x0000000088100000| Untracked 
| 100|0x0000000088200000, 0x0000000088200000, 0x0000000088300000|  0%| F|  |TAMS 0x0000000088200000, 0x0000000088200000| Untracked 
| 101|0x0000000088300000, 0x0000000088300000, 0x0000000088400000|  0%| F|  |TAMS 0x0000000088300000, 0x0000000088300000| Untracked 
| 102|0x0000000088400000, 0x0000000088400000, 0x0000000088500000|  0%| F|  |TAMS 0x0000000088400000, 0x0000000088400000| Untracked 
| 103|0x0000000088500000, 0x0000000088500000, 0x0000000088600000|  0%| F|  |TAMS 0x0000000088500000, 0x0000000088500000| Untracked 
| 104|0x0000000088600000, 0x0000000088600000, 0x0000000088700000|  0%| F|  |TAMS 0x0000000088600000, 0x0000000088600000| Untracked 
| 105|0x0000000088700000, 0x0000000088700000, 0x0000000088800000|  0%| F|  |TAMS 0x0000000088700000, 0x0000000088700000| Untracked 
| 106|0x0000000088800000, 0x0000000088800000, 0x0000000088900000|  0%| F|  |TAMS 0x0000000088800000, 0x0000000088800000| Untracked 
| 107|0x0000000088900000, 0x0000000088900000, 0x0000000088a00000|  0%| F|  |TAMS 0x0000000088900000, 0x0000000088900000| Untracked 
| 108|0x0000000088a00000, 0x0000000088a00000, 0x0000000088b00000|  0%| F|  |TAMS 0x0000000088a00000, 0x0000000088a00000| Untracked 
| 109|0x0000000088b00000, 0x0000000088b00000, 0x0000000088c00000|  0%| F|  |TAMS 0x0000000088b00000, 0x0000000088b00000| Untracked 
| 110|0x0000000088c00000, 0x0000000088c00000, 0x0000000088d00000|  0%| F|  |TAMS 0x0000000088c00000, 0x0000000088c00000| Untracked 
| 111|0x0000000088d00000, 0x0000000088d00000, 0x0000000088e00000|  0%| F|  |TAMS 0x0000000088d00000, 0x0000000088d00000| Untracked 
| 112|0x0000000088e00000, 0x0000000088e00000, 0x0000000088f00000|  0%| F|  |TAMS 0x0000000088e00000, 0x0000000088e00000| Untracked 
| 113|0x0000000088f00000, 0x0000000088f00000, 0x0000000089000000|  0%| F|  |TAMS 0x0000000088f00000, 0x0000000088f00000| Untracked 
| 114|0x0000000089000000, 0x0000000089000000, 0x0000000089100000|  0%| F|  |TAMS 0x0000000089000000, 0x0000000089000000| Untracked 
| 115|0x0000000089100000, 0x0000000089100000, 0x0000000089200000|  0%| F|  |TAMS 0x0000000089100000, 0x0000000089100000| Untracked 
| 116|0x0000000089200000, 0x0000000089200000, 0x0000000089300000|  0%| F|  |TAMS 0x0000000089200000, 0x0000000089200000| Untracked 
| 117|0x0000000089300000, 0x0000000089300000, 0x0000000089400000|  0%| F|  |TAMS 0x0000000089300000, 0x0000000089300000| Untracked 
| 118|0x0000000089400000, 0x0000000089400000, 0x0000000089500000|  0%| F|  |TAMS 0x0000000089400000, 0x0000000089400000| Untracked 
| 119|0x0000000089500000, 0x0000000089500000, 0x0000000089600000|  0%| F|  |TAMS 0x0000000089500000, 0x0000000089500000| Untracked 
| 120|0x0000000089600000, 0x0000000089600000, 0x0000000089700000|  0%| F|  |TAMS 0x0000000089600000, 0x0000000089600000| Untracked 
| 121|0x0000000089700000, 0x0000000089700000, 0x0000000089800000|  0%| F|  |TAMS 0x0000000089700000, 0x0000000089700000| Untracked 
| 122|0x0000000089800000, 0x0000000089800000, 0x0000000089900000|  0%| F|  |TAMS 0x0000000089800000, 0x0000000089800000| Untracked 
| 123|0x0000000089900000, 0x0000000089900000, 0x0000000089a00000|  0%| F|  |TAMS 0x0000000089900000, 0x0000000089900000| Untracked 
| 124|0x0000000089a00000, 0x0000000089ade940, 0x0000000089b00000| 86%| E|  |TAMS 0x0000000089a00000, 0x0000000089a00000| Complete 
| 125|0x0000000089b00000, 0x0000000089c00000, 0x0000000089c00000|100%| E|CS|TAMS 0x0000000089b00000, 0x0000000089b00000| Complete 
| 126|0x0000000089c00000, 0x0000000089d00000, 0x0000000089d00000|100%| E|CS|TAMS 0x0000000089c00000, 0x0000000089c00000| Complete 
| 127|0x0000000089d00000, 0x0000000089e00000, 0x0000000089e00000|100%| E|CS|TAMS 0x0000000089d00000, 0x0000000089d00000| Complete 

Card table byte_map: [0x000002a9fbb40000,0x000002a9fbf40000] _byte_map_base: 0x000002a9fb731000

Marking Bits (Prev, Next): (CMBitMap*) 0x000002a9e3fd0508, (CMBitMap*) 0x000002a9e3fd0548
 Prev Bits: [0x000002a9fc340000, 0x000002a9fe2c8000)
 Next Bits: [0x000002a980000000, 0x000002a981f88000)

Polling page: 0x000002a9e2130000

Metaspace:

Usage:
  Non-class:      4.11 MB capacity,     2.04 MB ( 50%) used,     2.06 MB ( 50%) free+waste,     2.38 KB ( <1%) overhead. 
      Class:    408.00 KB capacity,   223.05 KB ( 55%) used,   183.58 KB ( 45%) free+waste,     1.38 KB ( <1%) overhead. 
       Both:      4.50 MB capacity,     2.26 MB ( 50%) used,     2.24 MB ( 50%) free+waste,     3.75 KB ( <1%) overhead. 

Virtual space:
  Non-class space:        8.00 MB reserved,       4.25 MB ( 53%) committed 
      Class space:        1.00 GB reserved,     512.00 KB ( <1%) committed 
             Both:        1.01 GB reserved,       4.75 MB ( <1%) committed 

Chunk freelists:
   Non-Class:  19.00 KB
       Class:  0 bytes
        Both:  19.00 KB

MaxMetaspaceSize: 17179869184.00 GB
CompressedClassSpaceSize: 1.00 GB

CodeHeap 'non-profiled nmethods': size=120000Kb used=103Kb max_used=103Kb free=119896Kb
 bounds [0x000002a9f4210000, 0x000002a9f4480000, 0x000002a9fb740000]
CodeHeap 'profiled nmethods': size=120000Kb used=550Kb max_used=550Kb free=119449Kb
 bounds [0x000002a9ecce0000, 0x000002a9ecf50000, 0x000002a9f4210000]
CodeHeap 'non-nmethods': size=5760Kb used=1217Kb max_used=1229Kb free=4543Kb
 bounds [0x000002a9ec740000, 0x000002a9ec9b0000, 0x000002a9ecce0000]
 total_blobs=1114 nmethods=368 adapters=293
 compilation: enabled
              stopped_count=0, restarted_count=0
 full_count=0

Compilation events (20 events):
Event: 1.796 Thread 0x000002a9ff124000 nmethod 349 0x000002a9f4228710 code [0x000002a9f42288a0, 0x000002a9f4228978]
Event: 1.818 Thread 0x000002a9ff124000  350       1       java.security.Provider$Service::getAliases (5 bytes)
Event: 1.818 Thread 0x000002a9ff124000 nmethod 350 0x000002a9f4228a10 code [0x000002a9f4228ba0, 0x000002a9f4228c78]
Event: 1.819 Thread 0x000002a9fe7af000  352       4       java.lang.CharacterDataLatin1::toUpperCaseEx (71 bytes)
Event: 1.820 Thread 0x000002a9fe7af000 nmethod 352 0x000002a9f4229210 code [0x000002a9f42293a0, 0x000002a9f42294d8]
Event: 1.821 Thread 0x000002a9fe7af000  353       4       java.util.Objects::requireNonNull (14 bytes)
Event: 1.821 Thread 0x000002a9fe7af000 nmethod 353 0x000002a9f4229590 code [0x000002a9f4229720, 0x000002a9f4229798]
Event: 1.822 Thread 0x000002a9ff124000  354       3       sun.security.provider.SHA2::implCompress (13 bytes)
Event: 1.822 Thread 0x000002a9ff124000 nmethod 354 0x000002a9ecd62c90 code [0x000002a9ecd62e60, 0x000002a9ecd631c8]
Event: 1.822 Thread 0x000002a9ff124000  355       3       sun.security.provider.SHA2::implCompressCheck (15 bytes)
Event: 1.823 Thread 0x000002a9ff124000 nmethod 355 0x000002a9ecd63310 code [0x000002a9ecd634e0, 0x000002a9ecd637b8]
Event: 1.823 Thread 0x000002a9ff124000  356       3       sun.security.provider.ByteArrayAccess::b2iBig64 (614 bytes)
Event: 1.824 Thread 0x000002a9ff124000 nmethod 356 0x000002a9ecd63910 code [0x000002a9ecd63b60, 0x000002a9ecd64908]
Event: 1.864 Thread 0x000002a9ff124000  357       3       java.lang.StringLatin1::replace (198 bytes)
Event: 1.866 Thread 0x000002a9ff124000 nmethod 357 0x000002a9ecd64e10 code [0x000002a9ecd65080, 0x000002a9ecd65e88]
Event: 1.866 Thread 0x000002a9ff124000  358       3       java.lang.StringLatin1::indexOf (121 bytes)
Event: 1.866 Thread 0x000002a9ff124000 nmethod 358 0x000002a9ecd66410 code [0x000002a9ecd665e0, 0x000002a9ecd66ad8]
Event: 1.868 Thread 0x000002a9ff124000  359       3       java.lang.String::startsWith (138 bytes)
Event: 1.869 Thread 0x000002a9ff124000 nmethod 359 0x000002a9ecd66d10 code [0x000002a9ecd66f20, 0x000002a9ecd67778]
Event: 1.871 Thread 0x000002a9fe7af000  360 %     4       sun.security.provider.SHA2::implCompress0 @ 3 (322 bytes)

GC Heap History (0 events):
No events

Deoptimization events (4 events):
Event: 1.326 Thread 0x000002a9e3f91000 Uncommon trap: trap_request=0xffffff45 fr.pc=0x000002a9f421db50 relative=0x0000000000000af0
Event: 1.326 Thread 0x000002a9e3f91000 Uncommon trap: reason=unstable_if action=reinterpret pc=0x000002a9f421db50 method=java.util.HashMap.putVal(ILjava/lang/Object;Ljava/lang/Object;ZZ)Ljava/lang/Object; @ 181 c2
Event: 1.326 Thread 0x000002a9e3f91000 DEOPT PACKING pc=0x000002a9f421db50 sp=0x000000ba5aefe390
Event: 1.326 Thread 0x000002a9e3f91000 DEOPT UNPACKING pc=0x000002a9ec789429 sp=0x000000ba5aefe340 mode 2

Classes unloaded (0 events):
No events

Classes redefined (0 events):
No events

Internal exceptions (0 events):
No events

Events (20 events):
Event: 1.735 loading class sun/security/timestamp/TimestampToken
Event: 1.735 loading class sun/security/timestamp/TimestampToken done
Event: 1.739 loading class java/security/Timestamp
Event: 1.739 loading class java/security/Timestamp done
Event: 1.756 loading class sun/security/util/SignatureFileVerifier$ConfigurationHolder
Event: 1.757 loading class sun/security/util/SignatureFileVerifier$ConfigurationHolder done
Event: 1.761 loading class java/util/Base64
Event: 1.761 loading class java/util/Base64 done
Event: 1.761 loading class java/util/Base64$Decoder
Event: 1.761 loading class java/util/Base64$Decoder done
Event: 1.761 loading class java/util/Base64$Encoder
Event: 1.762 loading class java/util/Base64$Encoder done
Event: 1.763 loading class java/util/jar/JarVerifier$VerifierStream
Event: 1.763 loading class java/util/jar/JarVerifier$VerifierStream done
Event: 1.763 loading class sun/security/util/ManifestEntryVerifier$SunProviderHolder
Event: 1.764 loading class sun/security/util/ManifestEntryVerifier$SunProviderHolder done
Event: 1.823 loading class java/lang/instrument/ClassFileTransformer
Event: 1.824 loading class java/lang/instrument/ClassFileTransformer done
Event: 1.825 loading class sun/instrument/InstrumentationImpl$1
Event: 1.825 loading class sun/instrument/InstrumentationImpl$1 done


Dynamic libraries:
0x00007ff661350000 - 0x00007ff66135f000 	C:\Program Files\Java\jdk-14.0.1\bin\javaw.exe
0x00007ffe20970000 - 0x00007ffe20b65000 	C:\WINDOWS\SYSTEM32\ntdll.dll
0x00007ffe1fb30000 - 0x00007ffe1fbee000 	C:\WINDOWS\System32\KERNEL32.DLL
0x00007ffe1e4e0000 - 0x00007ffe1e7a8000 	C:\WINDOWS\System32\KERNELBASE.dll
0x00007ffe1e8b0000 - 0x00007ffe1e9b0000 	C:\WINDOWS\System32\ucrtbase.dll
0x00007ffe01980000 - 0x00007ffe01998000 	C:\Program Files\Java\jdk-14.0.1\bin\jli.dll
0x00007ffe1f870000 - 0x00007ffe1f91e000 	C:\WINDOWS\System32\ADVAPI32.dll
0x00007ffe1f7d0000 - 0x00007ffe1f86e000 	C:\WINDOWS\System32\msvcrt.dll
0x00007ffe20890000 - 0x00007ffe2092c000 	C:\WINDOWS\System32\sechost.dll
0x00007ffe1f6a0000 - 0x00007ffe1f7c5000 	C:\WINDOWS\System32\RPCRT4.dll
0x00007ffe1f920000 - 0x00007ffe1fac1000 	C:\WINDOWS\System32\USER32.dll
0x00007ffe1e480000 - 0x00007ffe1e4a2000 	C:\WINDOWS\System32\win32u.dll
0x00007ffe1fed0000 - 0x00007ffe1fefb000 	C:\WINDOWS\System32\GDI32.dll
0x00007ffe1e120000 - 0x00007ffe1e22d000 	C:\WINDOWS\System32\gdi32full.dll
0x00007ffe1e080000 - 0x00007ffe1e11d000 	C:\WINDOWS\System32\msvcp_win.dll
0x00007ffe006a0000 - 0x00007ffe006b5000 	C:\Program Files\Java\jdk-14.0.1\bin\VCRUNTIME140.dll
0x00007ffdf1970000 - 0x00007ffdf1c0a000 	C:\WINDOWS\WinSxS\amd64_microsoft.windows.common-controls_6595b64144ccf1df_6.0.19041.1110_none_60b5254171f9507e\COMCTL32.dll
0x00007ffe14c20000 - 0x00007ffe14c2a000 	C:\WINDOWS\SYSTEM32\VERSION.dll
0x00007ffe1eec0000 - 0x00007ffe1eef0000 	C:\WINDOWS\System32\IMM32.DLL
0x00007ffde28e0000 - 0x00007ffde297b000 	C:\Program Files\Java\jdk-14.0.1\bin\msvcp140.dll
0x00007ffdaeb00000 - 0x00007ffdaf61e000 	C:\Program Files\Java\jdk-14.0.1\bin\server\jvm.dll
0x00007ffe1fcb0000 - 0x00007ffe1fcb8000 	C:\WINDOWS\System32\PSAPI.DLL
0x00007ffe12f20000 - 0x00007ffe12f29000 	C:\WINDOWS\SYSTEM32\WSOCK32.dll
0x00007ffe204c0000 - 0x00007ffe2052b000 	C:\WINDOWS\System32\WS2_32.dll
0x00007ffe14110000 - 0x00007ffe14137000 	C:\WINDOWS\SYSTEM32\WINMM.dll
0x00007ffe1c8d0000 - 0x00007ffe1c8e2000 	C:\WINDOWS\SYSTEM32\kernel.appcore.dll
0x00007ffe12f10000 - 0x00007ffe12f1a000 	C:\Program Files\Java\jdk-14.0.1\bin\jimage.dll
0x00007ffe1c600000 - 0x00007ffe1c7e4000 	C:\WINDOWS\SYSTEM32\DBGHELP.DLL
0x00007ffe10ac0000 - 0x00007ffe10aec000 	C:\WINDOWS\SYSTEM32\dbgcore.DLL
0x00007ffe1e3f0000 - 0x00007ffe1e472000 	C:\WINDOWS\System32\bcryptPrimitives.dll
0x00007ffdecf50000 - 0x00007ffdecf88000 	C:\Program Files\Java\jdk-14.0.1\bin\jdwp.dll
0x00007ffded100000 - 0x00007ffded125000 	C:\Program Files\Java\jdk-14.0.1\bin\java.dll
0x00007ffe12f00000 - 0x00007ffe12f0e000 	C:\Program Files\Java\jdk-14.0.1\bin\instrument.dll
0x00007ffe03de0000 - 0x00007ffe03df6000 	C:\Program Files\Java\jdk-14.0.1\bin\zip.dll
0x00007ffe1eef0000 - 0x00007ffe1f634000 	C:\WINDOWS\System32\SHELL32.dll
0x00007ffe1b740000 - 0x00007ffe1bed5000 	C:\WINDOWS\SYSTEM32\windows.storage.dll
0x00007ffe20530000 - 0x00007ffe20885000 	C:\WINDOWS\System32\combase.dll
0x00007ffe1da00000 - 0x00007ffe1da2e000 	C:\WINDOWS\SYSTEM32\Wldp.dll
0x00007ffe1fbf0000 - 0x00007ffe1fc9d000 	C:\WINDOWS\System32\SHCORE.dll
0x00007ffe1fe70000 - 0x00007ffe1fec5000 	C:\WINDOWS\System32\shlwapi.dll
0x00007ffe1dfc0000 - 0x00007ffe1dfdf000 	C:\WINDOWS\SYSTEM32\profapi.dll
0x00007ffe12060000 - 0x00007ffe1206b000 	C:\Program Files\Java\jdk-14.0.1\bin\dt_socket.dll
0x00007ffe1d450000 - 0x00007ffe1d48b000 	C:\WINDOWS\SYSTEM32\IPHLPAPI.DLL
0x00007ffe1d760000 - 0x00007ffe1d7ca000 	C:\WINDOWS\system32\mswsock.dll
0x00007ffe1d4e0000 - 0x00007ffe1d5ab000 	C:\WINDOWS\SYSTEM32\DNSAPI.dll
0x00007ffe1ff00000 - 0x00007ffe1ff08000 	C:\WINDOWS\System32\NSI.dll
0x00007ffe125f0000 - 0x00007ffe125fa000 	C:\Windows\System32\rasadhlp.dll
0x00007ffe0e050000 - 0x00007ffe0e0cf000 	C:\WINDOWS\System32\fwpuclnt.dll
0x00007ffe1e4b0000 - 0x00007ffe1e4d7000 	C:\WINDOWS\System32\bcrypt.dll
0x00007ffe03500000 - 0x00007ffe03519000 	C:\Program Files\Java\jdk-14.0.1\bin\net.dll
0x00007ffe119d0000 - 0x00007ffe11adc000 	C:\WINDOWS\SYSTEM32\WINHTTP.dll
0x00007ffe018b0000 - 0x00007ffe018c2000 	C:\Program Files\Java\jdk-14.0.1\bin\nio.dll

dbghelp: loaded successfully - version: 4.0.5 - missing functions: none
symbol engine: initialized successfully - sym options: 0x614 - pdb path: .;C:\Program Files\Java\jdk-14.0.1\bin;C:\WINDOWS\SYSTEM32;C:\WINDOWS\WinSxS\amd64_microsoft.windows.common-controls_6595b64144ccf1df_6.0.19041.1110_none_60b5254171f9507e;C:\Program Files\Java\jdk-14.0.1\bin\server

VM Arguments:
jvm_args: -XX:+ShowCodeDetailsInExceptionMessages -agentlib:jdwp=transport=dt_socket,suspend=y,address=localhost:1103 -javaagent:C:\Users\Dell\eclipse\java-2021-12\eclipse\configuration\org.eclipse.osgi\224\0\.cp\lib\javaagent-shaded.jar -Dfile.encoding=Cp1252 
java_command: javaprograms.Array2Add
java_class_path (initial): C:\Users\Dell\eclipse-workspace\Java_Programs_practice\bin
Launcher Type: SUN_STANDARD

[Global flags]
     intx CICompilerCount                          = 3                                         {product} {ergonomic}
     uint ConcGCThreads                            = 1                                         {product} {ergonomic}
     uint G1ConcRefinementThreads                  = 4                                         {product} {ergonomic}
   size_t G1HeapRegionSize                         = 1048576                                   {product} {ergonomic}
    uintx GCDrainStackTargetSize                   = 64                                        {product} {ergonomic}
   size_t InitialHeapSize                          = 134217728                                 {product} {ergonomic}
   size_t MarkStackSize                            = 4194304                                   {product} {ergonomic}
   size_t MaxHeapSize                              = 2116026368                                {product} {ergonomic}
   size_t MaxNewSize                               = 1268776960                                {product} {ergonomic}
   size_t MinHeapDeltaBytes                        = 1048576                                   {product} {ergonomic}
   size_t MinHeapSize                              = 8388608                                   {product} {ergonomic}
    uintx NonNMethodCodeHeapSize                   = 5832780                                {pd product} {ergonomic}
    uintx NonProfiledCodeHeapSize                  = 122912730                              {pd product} {ergonomic}
    uintx ProfiledCodeHeapSize                     = 122912730                              {pd product} {ergonomic}
    uintx ReservedCodeCacheSize                    = 251658240                              {pd product} {ergonomic}
     bool SegmentedCodeCache                       = true                                      {product} {ergonomic}
     bool ShowCodeDetailsInExceptionMessages       = true                                   {manageable} {command line}
   size_t SoftMaxHeapSize                          = 2116026368                             {manageable} {ergonomic}
     bool UseCompressedClassPointers               = true                                 {lp64_product} {ergonomic}
     bool UseCompressedOops                        = true                                 {lp64_product} {ergonomic}
     bool UseG1GC                                  = true                                      {product} {ergonomic}
     bool UseLargePagesIndividualAllocation        = false                                  {pd product} {ergonomic}

Logging:
Log output configuration:
 #0: stdout all=warning uptime,level,tags
 #1: stderr all=off uptime,level,tags

Environment Variables:
JAVA_HOME=C:\Program Files\Java\jdk-14.0.1
PATH=C:/Program Files/Java/jdk-14.0.1/bin/server;C:/Program Files/Java/jdk-14.0.1/bin;C:\Program Files\Microsoft MPI\Bin\;C:\Program Files (x86)\VMware\VMware Player\bin\;C:\WINDOWS\system32;C:\WINDOWS;C:\WINDOWS\System32\Wbem;C:\WINDOWS\System32\WindowsPowerShell\v1.0\;C:\WINDOWS\System32\OpenSSH\;C:\Program Files (x86)\Intel\Intel(R) Management Engine Components\DAL;C:\Program Files\Intel\Intel(R) Management Engine Components\DAL;C:\cygwin64\bin;C:\Program Files\Java\jdk-14.0.1\bin;C:\Program Files (x86)\mingw-w64\i686-8.1.0-posix-dwarf-rt_v6-rev0\mingw32\bin;C:\Program Files\Microsoft SQL Server\Client SDK\ODBC\170\Tools\Binn\;C:\Program Files (x86)\Microsoft SQL Server\150\Tools\Binn\;C:\Program Files\Microsoft SQL Server\150\Tools\Binn\;C:\Program Files\Microsoft SQL Server\150\DTS\Binn\;C:\Program Files (x86)\Microsoft SQL Server\150\DTS\Binn\;C:\Users\Dell\AppData\Local\Microsoft\WindowsApps;C:\Users\Dell\Desktop;
USERNAME=Dell
OS=Windows_NT
PROCESSOR_IDENTIFIER=Intel64 Family 6 Model 142 Stepping 12, GenuineIntel



---------------  S Y S T E M  ---------------

OS: Windows 10 , 64 bit Build 19041 (10.0.19041.1466)
OS uptime: 0 days 19:53 hours

CPU:total 4 (initial active 4) (2 cores per cpu, 2 threads per core) family 6 model 142 stepping 12, cmov, cx8, fxsr, mmx, sse, sse2, sse3, ssse3, sse4.1, sse4.2, popcnt, aes, clmul, erms, 3dnowpref, lzcnt, ht, tsc, tscinvbit

Memory: 4k page, system-wide physical 8069M (829M free)
TotalPageFile size 20313M (AvailPageFile size 50M)
current process WorkingSet (physical memory assigned to process): 39M, peak: 39M
current process commit charge ("private bytes"): 207M, peak: 207M

vm_info: Java HotSpot(TM) 64-Bit Server VM (14.0.1+7) for windows-amd64 JRE (14.0.1+7), built on Mar  5 2020 10:30:14 by "mach5one" with MS VC++ 15.9 (VS2017)

END.
